Using pre-set license
Built from '2022.3/staging' branch; Version is '2022.3.32f1 (c8300dc0a3fa) revision 13119501'; Using compiler version '192829333'; Build Type 'Release'
OS: 'Windows 11  (10.0.22621) 64bit Core' Language: 'ko' Physical Memory: 16322 MB
BatchMode: 1, IsHumanControllingUs: 0, StartBugReporterOnCrash: 0, Is64bit: 1, IsPro: 1

COMMAND LINE ARGUMENTS:
C:\Program Files\Unity\Hub\Editor\2022.3.32f1\Editor\Unity.exe
-adb2
-batchMode
-noUpm
-name
AssetImportWorker0
-projectPath
C:/Git/RHTF/RHTF_Unity
-logFile
Logs/AssetImportWorker0.log
-srvPort
10996
Successfully changed project path to: C:/Git/RHTF/RHTF_Unity
C:/Git/RHTF/RHTF_Unity
[UnityMemory] Configuration Parameters - Can be set up in boot.config
    "memorysetup-bucket-allocator-granularity=16"
    "memorysetup-bucket-allocator-bucket-count=8"
    "memorysetup-bucket-allocator-block-size=33554432"
    "memorysetup-bucket-allocator-block-count=8"
    "memorysetup-main-allocator-block-size=16777216"
    "memorysetup-thread-allocator-block-size=16777216"
    "memorysetup-gfx-main-allocator-block-size=16777216"
    "memorysetup-gfx-thread-allocator-block-size=16777216"
    "memorysetup-cache-allocator-block-size=4194304"
    "memorysetup-typetree-allocator-block-size=2097152"
    "memorysetup-profiler-bucket-allocator-granularity=16"
    "memorysetup-profiler-bucket-allocator-bucket-count=8"
    "memorysetup-profiler-bucket-allocator-block-size=33554432"
    "memorysetup-profiler-bucket-allocator-block-count=8"
    "memorysetup-profiler-allocator-block-size=16777216"
    "memorysetup-profiler-editor-allocator-block-size=1048576"
    "memorysetup-temp-allocator-size-main=16777216"
    "memorysetup-job-temp-allocator-block-size=2097152"
    "memorysetup-job-temp-allocator-block-size-background=1048576"
    "memorysetup-job-temp-allocator-reduction-small-platforms=262144"
    "memorysetup-allocator-temp-initial-block-size-main=262144"
    "memorysetup-allocator-temp-initial-block-size-worker=262144"
    "memorysetup-temp-allocator-size-background-worker=32768"
    "memorysetup-temp-allocator-size-job-worker=262144"
    "memorysetup-temp-allocator-size-preload-manager=33554432"
    "memorysetup-temp-allocator-size-nav-mesh-worker=65536"
    "memorysetup-temp-allocator-size-audio-worker=65536"
    "memorysetup-temp-allocator-size-cloud-worker=32768"
    "memorysetup-temp-allocator-size-gi-baking-worker=262144"
    "memorysetup-temp-allocator-size-gfx=262144"
Player connection [33232] Host "[IP] 192.168.0.9 [Port] 0 [Flags] 2 [Guid] 25963557 [EditorId] 25963557 [Version] 1048832 [Id] WindowsEditor(7,DESKTOP-1PVRDUP) [Debug] 1 [PackageName] WindowsEditor [ProjectName] Editor" joined multi-casting on [225.0.0.222:54997]...

Player connection [33232] Host "[IP] 192.168.0.9 [Port] 0 [Flags] 2 [Guid] 25963557 [EditorId] 25963557 [Version] 1048832 [Id] WindowsEditor(7,DESKTOP-1PVRDUP) [Debug] 1 [PackageName] WindowsEditor [ProjectName] Editor" joined alternative multi-casting on [225.0.0.222:34997]...

[PhysX] Initialized MultithreadedTaskDispatcher with 12 workers.
Refreshing native plugins compatible for Editor in 21.28 ms, found 3 plugins.
Preloading 0 native plugins for Editor in 0.00 ms.
Initialize engine version: 2022.3.32f1 (c8300dc0a3fa)
[Subsystems] Discovering subsystems at path C:/Program Files/Unity/Hub/Editor/2022.3.32f1/Editor/Data/Resources/UnitySubsystems
[Subsystems] Discovering subsystems at path C:/Git/RHTF/RHTF_Unity/Assets
GfxDevice: creating device client; threaded=0; jobified=0
Direct3D:
    Version:  Direct3D 11.0 [level 11.1]
    Renderer: NVIDIA GeForce RTX 2070 SUPER (ID=0x1e84)
    Vendor:   NVIDIA
    VRAM:     7989 MB
    Driver:   32.0.15.5599
Initialize mono
Mono path[0] = 'C:/Program Files/Unity/Hub/Editor/2022.3.32f1/Editor/Data/Managed'
Mono path[1] = 'C:/Program Files/Unity/Hub/Editor/2022.3.32f1/Editor/Data/MonoBleedingEdge/lib/mono/unityjit-win32'
Mono config path = 'C:/Program Files/Unity/Hub/Editor/2022.3.32f1/Editor/Data/MonoBleedingEdge/etc'
Using monoOptions --debugger-agent=transport=dt_socket,embedding=1,server=y,suspend=n,address=127.0.0.1:56648
Begin MonoManager ReloadAssembly
Registering precompiled unity dll's ...
Register platform support module: C:/Program Files/Unity/Hub/Editor/2022.3.32f1/Editor/Data/PlaybackEngines/WebGLSupport/UnityEditor.WebGL.Extensions.dll
Register platform support module: C:/Program Files/Unity/Hub/Editor/2022.3.32f1/Editor/Data/PlaybackEngines/AndroidPlayer/UnityEditor.Android.Extensions.dll
Register platform support module: C:/Program Files/Unity/Hub/Editor/2022.3.32f1/Editor/Data/PlaybackEngines/iOSSupport/UnityEditor.iOS.Extensions.dll
Register platform support module: C:/Program Files/Unity/Hub/Editor/2022.3.32f1/Editor/Data/PlaybackEngines/WindowsStandaloneSupport/UnityEditor.WindowsStandalone.Extensions.dll
Registered in 0.019398 seconds.
- Loaded All Assemblies, in  0.541 seconds
Native extension for WindowsStandalone target not found
[usbmuxd] Start listen thread
[usbmuxd] Listen thread started
Native extension for iOS target not found
Native extension for Android target not found
Android Extension - Scanning For ADB Devices 1344 ms
Native extension for WebGL target not found
Mono: successfully reloaded assembly
- Finished resetting the current domain, in  1.814 seconds
Domain Reload Profiling: 2353ms
	BeginReloadAssembly (153ms)
		ExecutionOrderSort (0ms)
		DisableScriptedObjects (0ms)
		BackupInstance (0ms)
		ReleaseScriptingObjects (0ms)
		CreateAndSetChildDomain (1ms)
	RebuildCommonClasses (54ms)
	RebuildNativeTypeToScriptingClass (21ms)
	initialDomainReloadingComplete (89ms)
	LoadAllAssembliesAndSetupDomain (220ms)
		LoadAssemblies (151ms)
		RebuildTransferFunctionScriptingTraits (0ms)
		AnalyzeDomain (216ms)
			TypeCache.Refresh (214ms)
				TypeCache.ScanAssembly (192ms)
			ScanForSourceGeneratedMonoScriptInfo (1ms)
			ResolveRequiredComponents (1ms)
	FinalizeReload (1815ms)
		ReleaseScriptCaches (0ms)
		RebuildScriptCaches (0ms)
		SetupLoadedEditorAssemblies (1731ms)
			LogAssemblyErrors (0ms)
			InitializePlatformSupportModulesInManaged (1515ms)
			SetLoadedEditorAssemblies (5ms)
			RefreshPlugins (0ms)
			BeforeProcessingInitializeOnLoad (2ms)
			ProcessInitializeOnLoadAttributes (152ms)
			ProcessInitializeOnLoadMethodAttributes (57ms)
			AfterProcessingInitializeOnLoad (0ms)
			EditorAssembliesLoaded (0ms)
		ExecutionOrderSort2 (0ms)
		AwakeInstancesAfterBackupRestoration (0ms)
========================================================================
Worker process is ready to serve import requests
Begin MonoManager ReloadAssembly
- Loaded All Assemblies, in  0.732 seconds
Refreshing native plugins compatible for Editor in 7.26 ms, found 3 plugins.
Native extension for WindowsStandalone target not found
Native extension for iOS target not found
Native extension for Android target not found
Native extension for WebGL target not found
Package Manager log level set to [2]
[Package Manager] Server::EnsureServerProcessIsRunning -- launch failed, reason: Unity was launched with the -noUpm command-line argument
[Package Manager] UpmClient::Send -- Unable to send message (not connected to UPM process).
[Package Manager] Cannot connect to Unity Package Manager local server
Mono: successfully reloaded assembly
[Package Manager] Server::EnsureServerProcessIsRunning -- launch failed, reason: Unity was launched with the -noUpm command-line argument
[Package Manager] UpmClient::Send -- Unable to send message (not connected to UPM process).
[Package Manager] Cannot connect to Unity Package Manager local server
[Package Manager] Server::EnsureServerProcessIsRunning -- launch failed, reason: Unity was launched with the -noUpm command-line argument
[Package Manager] UpmClient::Send -- Unable to send message (not connected to UPM process).
[Package Manager] Cannot connect to Unity Package Manager local server
- Finished resetting the current domain, in  0.795 seconds
Domain Reload Profiling: 1520ms
	BeginReloadAssembly (178ms)
		ExecutionOrderSort (0ms)
		DisableScriptedObjects (7ms)
		BackupInstance (0ms)
		ReleaseScriptingObjects (0ms)
		CreateAndSetChildDomain (28ms)
	RebuildCommonClasses (42ms)
	RebuildNativeTypeToScriptingClass (13ms)
	initialDomainReloadingComplete (58ms)
	LoadAllAssembliesAndSetupDomain (434ms)
		LoadAssemblies (360ms)
		RebuildTransferFunctionScriptingTraits (0ms)
		AnalyzeDomain (174ms)
			TypeCache.Refresh (151ms)
				TypeCache.ScanAssembly (133ms)
			ScanForSourceGeneratedMonoScriptInfo (17ms)
			ResolveRequiredComponents (5ms)
	FinalizeReload (795ms)
		ReleaseScriptCaches (0ms)
		RebuildScriptCaches (0ms)
		SetupLoadedEditorAssemblies (602ms)
			LogAssemblyErrors (0ms)
			InitializePlatformSupportModulesInManaged (41ms)
			SetLoadedEditorAssemblies (3ms)
			RefreshPlugins (0ms)
			BeforeProcessingInitializeOnLoad (67ms)
			ProcessInitializeOnLoadAttributes (446ms)
			ProcessInitializeOnLoadMethodAttributes (33ms)
			AfterProcessingInitializeOnLoad (12ms)
			EditorAssembliesLoaded (0ms)
		ExecutionOrderSort2 (0ms)
		AwakeInstancesAfterBackupRestoration (9ms)
Launched and connected shader compiler UnityShaderCompiler.exe after 0.07 seconds
Refreshing native plugins compatible for Editor in 9.01 ms, found 3 plugins.
Preloading 0 native plugins for Editor in 0.00 ms.
Unloading 3215 Unused Serialized files (Serialized files now loaded: 0)
Unloading 44 unused Assets / (63.3 KB). Loaded Objects now: 3667.
Memory consumption went from 126.5 MB to 126.4 MB.
Total: 4.223800 ms (FindLiveObjects: 0.277700 ms CreateObjectMapping: 0.322900 ms MarkObjects: 3.449600 ms  DeleteObjects: 0.172200 ms)

AssetImportParameters requested are different than current active one (requested -> active):
  custom:container-demuxer-ogg: 62fdf1f143b41e24485cea50d1cbac27 -> 
  custom:video-decoder-ogg-theora: a1e56fd34408186e4bbccfd4996cb3dc -> 
  custom:framework-win-MediaFoundation: 216162199b28c13a410421893ffa2e32 -> 
  custom:CustomObjectIndexerAttribute: 9a22284fe3817be447336de3de66b15e -> 
  custom:container-demuxer-webm: 4f35f7cbe854078d1ac9338744f61a02 -> 
  custom:container-muxer-webm: aa71ff27fc2769a1b78a27578f13a17b -> 
  custom:video-decoder-webm-vp8: 9c59270c3fd7afecdb556c50c9e8de78 -> 
  custom:SearchIndexIgnoredProperties: e643bd26f0fe6173181afceb89e7c659 -> 
  custom:AudioImporter_EditorPlatform: d09bf68614088b80899f8185d706f6e7 -> 
  custom:video-encoder-webm-vp8: eb34c28f22e8b96e1ab97ce403110664 -> 
  custom:audio-decoder-ogg-vorbis: bf7c407c2cedff20999df2af8eb42d56 -> 
  custom:audio-encoder-webm-vorbis: bf7c407c2cedff20999df2af8eb42d56 -> 
========================================================================
Received Import Request.
  Time since last request: 584812.226446 seconds.
  path: Assets/Readme.asset
  artifactKey: Guid(7f2c382dc2c22446db59030979f6e495) Importer(815301076,1909f56bfc062723c751e8b465ee728b)
Start importing Assets/Readme.asset using Guid(7f2c382dc2c22446db59030979f6e495) Importer(815301076,1909f56bfc062723c751e8b465ee728b) [PhysX] Initialized MultithreadedTaskDispatcher with 12 workers.
 -> (artifact id: '6685bce48972444adef26de25d107d5d') in 0.018932 seconds
Number of updated asset objects reloaded before import = 0
Number of asset objects unloaded after import = 2
========================================================================
Received Import Request.
  Time since last request: 41.512558 seconds.
  path: Assets
  artifactKey: Guid(00000000000000001000000000000000) Importer(815301076,1909f56bfc062723c751e8b465ee728b)
Start importing Assets using Guid(00000000000000001000000000000000) Importer(815301076,1909f56bfc062723c751e8b465ee728b) [PhysX] Initialized MultithreadedTaskDispatcher with 12 workers.
 -> (artifact id: 'ae5280ad91af67e2a353905758f96678') in 0.000549 seconds
Number of updated asset objects reloaded before import = 0
Number of asset objects unloaded after import = 0
========================================================================
Received Import Request.
  Time since last request: 3.180332 seconds.
  path: Assets/Scenes
  artifactKey: Guid(c3b1d0cc1b343934bb7220dfe5a51bfd) Importer(815301076,1909f56bfc062723c751e8b465ee728b)
Start importing Assets/Scenes using Guid(c3b1d0cc1b343934bb7220dfe5a51bfd) Importer(815301076,1909f56bfc062723c751e8b465ee728b) [PhysX] Initialized MultithreadedTaskDispatcher with 12 workers.
 -> (artifact id: '8ca21c4987bbd91adfe9195362300983') in 0.006241 seconds
Number of updated asset objects reloaded before import = 0
Number of asset objects unloaded after import = 0
========================================================================
Received Import Request.
  Time since last request: 1.425222 seconds.
  path: Assets/Editor
  artifactKey: Guid(9a2df797eb7ea8e44843144af9429b99) Importer(815301076,1909f56bfc062723c751e8b465ee728b)
Start importing Assets/Editor using Guid(9a2df797eb7ea8e44843144af9429b99) Importer(815301076,1909f56bfc062723c751e8b465ee728b) [PhysX] Initialized MultithreadedTaskDispatcher with 12 workers.
 -> (artifact id: 'a2984d40dc10e4e979279e01c8ba14a6') in 0.000545 seconds
Number of updated asset objects reloaded before import = 0
Number of asset objects unloaded after import = 0
========================================================================
Received Import Request.
  Time since last request: 8.662515 seconds.
  path: Assets/RH_Asset
  artifactKey: Guid(5688b8575a73a764aa1e17dddbc8f14b) Importer(815301076,1909f56bfc062723c751e8b465ee728b)
Start importing Assets/RH_Asset using Guid(5688b8575a73a764aa1e17dddbc8f14b) Importer(815301076,1909f56bfc062723c751e8b465ee728b) [PhysX] Initialized MultithreadedTaskDispatcher with 12 workers.
 -> (artifact id: '7cff41ab136eee0890b2a8790b096887') in 0.000760 seconds
Number of updated asset objects reloaded before import = 0
Number of asset objects unloaded after import = 0
========================================================================
Received Import Request.
  Time since last request: 20.312215 seconds.
  path: Assets/RH_Asset/water-river-junction.obj
  artifactKey: Guid(2dd8c297bbeef2140ae12fe877b9caf7) Importer(815301076,1909f56bfc062723c751e8b465ee728b)
Start importing Assets/RH_Asset/water-river-junction.obj using Guid(2dd8c297bbeef2140ae12fe877b9caf7) Importer(815301076,1909f56bfc062723c751e8b465ee728b) [PhysX] Initialized MultithreadedTaskDispatcher with 12 workers.
[PhysX] Initialized MultithreadedTaskDispatcher with 12 workers.
[PhysX] Initialized MultithreadedTaskDispatcher with 12 workers.
[PhysX] Initialized MultithreadedTaskDispatcher with 12 workers.
[PhysX] Initialized MultithreadedTaskDispatcher with 12 workers.
 -> (artifact id: 'd0bf25cb8b1fdb4fd86157f662c704d6') in 0.425704 seconds
Number of updated asset objects reloaded before import = 0
Number of asset objects unloaded after import = 10
========================================================================
Received Import Request.
  Time since last request: 0.000114 seconds.
  path: Assets/RH_Asset/hill-corner-low.obj
  artifactKey: Guid(94a82dd96a4081046ac5c5651514ebde) Importer(815301076,1909f56bfc062723c751e8b465ee728b)
Start importing Assets/RH_Asset/hill-corner-low.obj using Guid(94a82dd96a4081046ac5c5651514ebde) Importer(815301076,1909f56bfc062723c751e8b465ee728b) [PhysX] Initialized MultithreadedTaskDispatcher with 12 workers.
[PhysX] Initialized MultithreadedTaskDispatcher with 12 workers.
[PhysX] Initialized MultithreadedTaskDispatcher with 12 workers.
[PhysX] Initialized MultithreadedTaskDispatcher with 12 workers.
[PhysX] Initialized MultithreadedTaskDispatcher with 12 workers.
 -> (artifact id: '1dbcfe77d813e45bafeb7351bf2510f7') in 0.036249 seconds
Number of updated asset objects reloaded before import = 0
Number of asset objects unloaded after import = 10
========================================================================
Received Import Request.
  Time since last request: 0.000048 seconds.
  path: Assets/RH_Asset/water-beddng-concave.obj
  artifactKey: Guid(ce1c442a856fcd847ae2913a94149554) Importer(815301076,1909f56bfc062723c751e8b465ee728b)
Start importing Assets/RH_Asset/water-beddng-concave.obj using Guid(ce1c442a856fcd847ae2913a94149554) Importer(815301076,1909f56bfc062723c751e8b465ee728b) [PhysX] Initialized MultithreadedTaskDispatcher with 12 workers.
[PhysX] Initialized MultithreadedTaskDispatcher with 12 workers.
[PhysX] Initialized MultithreadedTaskDispatcher with 12 workers.
[PhysX] Initialized MultithreadedTaskDispatcher with 12 workers.
[PhysX] Initialized MultithreadedTaskDispatcher with 12 workers.
 -> (artifact id: '984f49057ad485b726e4259756ddd4b9') in 0.031673 seconds
Number of updated asset objects reloaded before import = 0
Number of asset objects unloaded after import = 10
========================================================================
Received Import Request.
  Time since last request: 0.000028 seconds.
  path: Assets/RH_Asset/lot-parking.obj
  artifactKey: Guid(d1dec4fc2f74ea240b07d2371c3662d2) Importer(815301076,1909f56bfc062723c751e8b465ee728b)
Start importing Assets/RH_Asset/lot-parking.obj using Guid(d1dec4fc2f74ea240b07d2371c3662d2) Importer(815301076,1909f56bfc062723c751e8b465ee728b) [PhysX] Initialized MultithreadedTaskDispatcher with 12 workers.
[PhysX] Initialized MultithreadedTaskDispatcher with 12 workers.
[PhysX] Initialized MultithreadedTaskDispatcher with 12 workers.
[PhysX] Initialized MultithreadedTaskDispatcher with 12 workers.
[PhysX] Initialized MultithreadedTaskDispatcher with 12 workers.
 -> (artifact id: '85ceeee5927db4951c2d642ee94a55ab') in 0.033772 seconds
Number of updated asset objects reloaded before import = 0
Number of asset objects unloaded after import = 10
========================================================================
Received Import Request.
  Time since last request: 0.000026 seconds.
  path: Assets/RH_Asset/grass.obj
  artifactKey: Guid(1970475ffc2d13e4fb57e6382d8294a2) Importer(815301076,1909f56bfc062723c751e8b465ee728b)
Start importing Assets/RH_Asset/grass.obj using Guid(1970475ffc2d13e4fb57e6382d8294a2) Importer(815301076,1909f56bfc062723c751e8b465ee728b) [PhysX] Initialized MultithreadedTaskDispatcher with 12 workers.
[PhysX] Initialized MultithreadedTaskDispatcher with 12 workers.
[PhysX] Initialized MultithreadedTaskDispatcher with 12 workers.
[PhysX] Initialized MultithreadedTaskDispatcher with 12 workers.
[PhysX] Initialized MultithreadedTaskDispatcher with 12 workers.
 -> (artifact id: '1085ddfbd28d177a1c6a961c95ee0ec1') in 0.032360 seconds
Number of updated asset objects reloaded before import = 0
Number of asset objects unloaded after import = 10
========================================================================
Received Import Request.
  Time since last request: 0.000024 seconds.
  path: Assets/RH_Asset/river-end-high.obj
  artifactKey: Guid(23cf26d68cb79be41886d45593dfe391) Importer(815301076,1909f56bfc062723c751e8b465ee728b)
Start importing Assets/RH_Asset/river-end-high.obj using Guid(23cf26d68cb79be41886d45593dfe391) Importer(815301076,1909f56bfc062723c751e8b465ee728b) [PhysX] Initialized MultithreadedTaskDispatcher with 12 workers.
[PhysX] Initialized MultithreadedTaskDispatcher with 12 workers.
[PhysX] Initialized MultithreadedTaskDispatcher with 12 workers.
[PhysX] Initialized MultithreadedTaskDispatcher with 12 workers.
[PhysX] Initialized MultithreadedTaskDispatcher with 12 workers.
 -> (artifact id: '134faefcab776f47bb910152736ba176') in 0.034874 seconds
Number of updated asset objects reloaded before import = 0
Number of asset objects unloaded after import = 10
========================================================================
Received Import Request.
  Time since last request: 0.000025 seconds.
  path: Assets/RH_Asset/hill-corner-high.obj
  artifactKey: Guid(f3b26f33a7c692245be083b05c84e547) Importer(815301076,1909f56bfc062723c751e8b465ee728b)
Start importing Assets/RH_Asset/hill-corner-high.obj using Guid(f3b26f33a7c692245be083b05c84e547) Importer(815301076,1909f56bfc062723c751e8b465ee728b) [PhysX] Initialized MultithreadedTaskDispatcher with 12 workers.
[PhysX] Initialized MultithreadedTaskDispatcher with 12 workers.
[PhysX] Initialized MultithreadedTaskDispatcher with 12 workers.
[PhysX] Initialized MultithreadedTaskDispatcher with 12 workers.
[PhysX] Initialized MultithreadedTaskDispatcher with 12 workers.
 -> (artifact id: '78facd6f2d4ceedfb3450965564fd217') in 0.027626 seconds
Number of updated asset objects reloaded before import = 0
Number of asset objects unloaded after import = 10
========================================================================
Received Import Request.
  Time since last request: 0.000030 seconds.
  path: Assets/RH_Asset/river-straight-low.obj
  artifactKey: Guid(8aaef02259b671240bedde613375c686) Importer(815301076,1909f56bfc062723c751e8b465ee728b)
Start importing Assets/RH_Asset/river-straight-low.obj using Guid(8aaef02259b671240bedde613375c686) Importer(815301076,1909f56bfc062723c751e8b465ee728b) [PhysX] Initialized MultithreadedTaskDispatcher with 12 workers.
[PhysX] Initialized MultithreadedTaskDispatcher with 12 workers.
[PhysX] Initialized MultithreadedTaskDispatcher with 12 workers.
[PhysX] Initialized MultithreadedTaskDispatcher with 12 workers.
[PhysX] Initialized MultithreadedTaskDispatcher with 12 workers.
 -> (artifact id: '97ece0cbd5100e735a2f6de1c1c602c4') in 0.025990 seconds
Number of updated asset objects reloaded before import = 0
Number of asset objects unloaded after import = 10
========================================================================
Received Import Request.
  Time since last request: 0.000023 seconds.
  path: Assets/RH_Asset/canal-corner-low.obj
  artifactKey: Guid(3b0c00d3de355ea40a3d3519420a5698) Importer(815301076,1909f56bfc062723c751e8b465ee728b)
Start importing Assets/RH_Asset/canal-corner-low.obj using Guid(3b0c00d3de355ea40a3d3519420a5698) Importer(815301076,1909f56bfc062723c751e8b465ee728b) [PhysX] Initialized MultithreadedTaskDispatcher with 12 workers.
[PhysX] Initialized MultithreadedTaskDispatcher with 12 workers.
[PhysX] Initialized MultithreadedTaskDispatcher with 12 workers.
[PhysX] Initialized MultithreadedTaskDispatcher with 12 workers.
[PhysX] Initialized MultithreadedTaskDispatcher with 12 workers.
 -> (artifact id: '3fc5e0df98d12c684bd4fbb08c8463fe') in 0.026678 seconds
Number of updated asset objects reloaded before import = 0
Number of asset objects unloaded after import = 10
========================================================================
Received Import Request.
  Time since last request: 0.000023 seconds.
  path: Assets/RH_Asset/hill-ramp.obj
  artifactKey: Guid(b8ebd378d61bd2e4e837486a996cb2e0) Importer(815301076,1909f56bfc062723c751e8b465ee728b)
Start importing Assets/RH_Asset/hill-ramp.obj using Guid(b8ebd378d61bd2e4e837486a996cb2e0) Importer(815301076,1909f56bfc062723c751e8b465ee728b) [PhysX] Initialized MultithreadedTaskDispatcher with 12 workers.
[PhysX] Initialized MultithreadedTaskDispatcher with 12 workers.
[PhysX] Initialized MultithreadedTaskDispatcher with 12 workers.
[PhysX] Initialized MultithreadedTaskDispatcher with 12 workers.
[PhysX] Initialized MultithreadedTaskDispatcher with 12 workers.
 -> (artifact id: 'f741206bfdfa8dd52c2fa4a50c8151f9') in 0.026473 seconds
Number of updated asset objects reloaded before import = 0
Number of asset objects unloaded after import = 10
========================================================================
Received Import Request.
  Time since last request: 0.000038 seconds.
  path: Assets/RH_Asset/road-corner-high.obj
  artifactKey: Guid(612dfec1c1fad3c49aeb434c3a4eed78) Importer(815301076,1909f56bfc062723c751e8b465ee728b)
Start importing Assets/RH_Asset/road-corner-high.obj using Guid(612dfec1c1fad3c49aeb434c3a4eed78) Importer(815301076,1909f56bfc062723c751e8b465ee728b) [PhysX] Initialized MultithreadedTaskDispatcher with 12 workers.
[PhysX] Initialized MultithreadedTaskDispatcher with 12 workers.
[PhysX] Initialized MultithreadedTaskDispatcher with 12 workers.
[PhysX] Initialized MultithreadedTaskDispatcher with 12 workers.
[PhysX] Initialized MultithreadedTaskDispatcher with 12 workers.
 -> (artifact id: '81b511cc0e2aa70f96253ef4f8b5c601') in 0.025489 seconds
Number of updated asset objects reloaded before import = 0
Number of asset objects unloaded after import = 10
========================================================================
Received Import Request.
  Time since last request: 0.000020 seconds.
  path: Assets/RH_Asset/road-bridge-coast.obj
  artifactKey: Guid(bdd2448ca67da8b4c9c2437dea881761) Importer(815301076,1909f56bfc062723c751e8b465ee728b)
Start importing Assets/RH_Asset/road-bridge-coast.obj using Guid(bdd2448ca67da8b4c9c2437dea881761) Importer(815301076,1909f56bfc062723c751e8b465ee728b) [PhysX] Initialized MultithreadedTaskDispatcher with 12 workers.
[PhysX] Initialized MultithreadedTaskDispatcher with 12 workers.
[PhysX] Initialized MultithreadedTaskDispatcher with 12 workers.
[PhysX] Initialized MultithreadedTaskDispatcher with 12 workers.
[PhysX] Initialized MultithreadedTaskDispatcher with 12 workers.
 -> (artifact id: 'bfde581f5400c58100b8f296fe9306b5') in 0.034469 seconds
Number of updated asset objects reloaded before import = 0
Number of asset objects unloaded after import = 10
========================================================================
Received Import Request.
  Time since last request: 0.000025 seconds.
  path: Assets/RH_Asset/road-end-low.obj
  artifactKey: Guid(9fb4d8a0e32512342bfb256ea8b8d62f) Importer(815301076,1909f56bfc062723c751e8b465ee728b)
Start importing Assets/RH_Asset/road-end-low.obj using Guid(9fb4d8a0e32512342bfb256ea8b8d62f) Importer(815301076,1909f56bfc062723c751e8b465ee728b) [PhysX] Initialized MultithreadedTaskDispatcher with 12 workers.
[PhysX] Initialized MultithreadedTaskDispatcher with 12 workers.
[PhysX] Initialized MultithreadedTaskDispatcher with 12 workers.
[PhysX] Initialized MultithreadedTaskDispatcher with 12 workers.
[PhysX] Initialized MultithreadedTaskDispatcher with 12 workers.
 -> (artifact id: 'c2fb0b869d61e64d2d864c94de1aedf9') in 0.028159 seconds
Number of updated asset objects reloaded before import = 0
Number of asset objects unloaded after import = 10
========================================================================
Received Import Request.
  Time since last request: 0.000024 seconds.
  path: Assets/RH_Asset/road-bridge-ramp.obj
  artifactKey: Guid(e8b18a1d9dcf29f49a7436a52ceaaad5) Importer(815301076,1909f56bfc062723c751e8b465ee728b)
Start importing Assets/RH_Asset/road-bridge-ramp.obj using Guid(e8b18a1d9dcf29f49a7436a52ceaaad5) Importer(815301076,1909f56bfc062723c751e8b465ee728b) [PhysX] Initialized MultithreadedTaskDispatcher with 12 workers.
[PhysX] Initialized MultithreadedTaskDispatcher with 12 workers.
[PhysX] Initialized MultithreadedTaskDispatcher with 12 workers.
[PhysX] Initialized MultithreadedTaskDispatcher with 12 workers.
[PhysX] Initialized MultithreadedTaskDispatcher with 12 workers.
 -> (artifact id: 'd61a82fe5d8f84c94ec9ef1aa3a675be') in 0.028597 seconds
Number of updated asset objects reloaded before import = 0
Number of asset objects unloaded after import = 10
========================================================================
Received Import Request.
  Time since last request: 0.000021 seconds.
  path: Assets/RH_Asset/canal-straight-low.obj
  artifactKey: Guid(a30b0a3d1e42cbb429f212d8af28c1ee) Importer(815301076,1909f56bfc062723c751e8b465ee728b)
Start importing Assets/RH_Asset/canal-straight-low.obj using Guid(a30b0a3d1e42cbb429f212d8af28c1ee) Importer(815301076,1909f56bfc062723c751e8b465ee728b) [PhysX] Initialized MultithreadedTaskDispatcher with 12 workers.
[PhysX] Initialized MultithreadedTaskDispatcher with 12 workers.
[PhysX] Initialized MultithreadedTaskDispatcher with 12 workers.
[PhysX] Initialized MultithreadedTaskDispatcher with 12 workers.
[PhysX] Initialized MultithreadedTaskDispatcher with 12 workers.
 -> (artifact id: '7542c0ae0c8acb08b0c05569d5d731a1') in 0.028782 seconds
Number of updated asset objects reloaded before import = 0
Number of asset objects unloaded after import = 10
========================================================================
Received Import Request.
  Time since last request: 0.000035 seconds.
  path: Assets/RH_Asset/road-tunnel-entry.obj
  artifactKey: Guid(2bb6fed8b15eb3846a425762b5a947dc) Importer(815301076,1909f56bfc062723c751e8b465ee728b)
Start importing Assets/RH_Asset/road-tunnel-entry.obj using Guid(2bb6fed8b15eb3846a425762b5a947dc) Importer(815301076,1909f56bfc062723c751e8b465ee728b) [PhysX] Initialized MultithreadedTaskDispatcher with 12 workers.
[PhysX] Initialized MultithreadedTaskDispatcher with 12 workers.
[PhysX] Initialized MultithreadedTaskDispatcher with 12 workers.
[PhysX] Initialized MultithreadedTaskDispatcher with 12 workers.
[PhysX] Initialized MultithreadedTaskDispatcher with 12 workers.
 -> (artifact id: 'f4b2087a983ee72280236c1c9aa8ba11') in 0.028042 seconds
Number of updated asset objects reloaded before import = 0
Number of asset objects unloaded after import = 10
========================================================================
Received Import Request.
  Time since last request: 0.000033 seconds.
  path: Assets/RH_Asset/road-corner-low.obj
  artifactKey: Guid(8c2fb06d420c07e4cb6f4193eecb8b53) Importer(815301076,1909f56bfc062723c751e8b465ee728b)
Start importing Assets/RH_Asset/road-corner-low.obj using Guid(8c2fb06d420c07e4cb6f4193eecb8b53) Importer(815301076,1909f56bfc062723c751e8b465ee728b) [PhysX] Initialized MultithreadedTaskDispatcher with 12 workers.
[PhysX] Initialized MultithreadedTaskDispatcher with 12 workers.
[PhysX] Initialized MultithreadedTaskDispatcher with 12 workers.
[PhysX] Initialized MultithreadedTaskDispatcher with 12 workers.
[PhysX] Initialized MultithreadedTaskDispatcher with 12 workers.
 -> (artifact id: 'c9b61538eb82eba70aed520a54a737b1') in 0.030468 seconds
Number of updated asset objects reloaded before import = 0
Number of asset objects unloaded after import = 10
========================================================================
Received Import Request.
  Time since last request: 0.000033 seconds.
  path: Assets/RH_Asset/lot-exit.obj
  artifactKey: Guid(05278c0f9cab6384f954eedc799cc66a) Importer(815301076,1909f56bfc062723c751e8b465ee728b)
Start importing Assets/RH_Asset/lot-exit.obj using Guid(05278c0f9cab6384f954eedc799cc66a) Importer(815301076,1909f56bfc062723c751e8b465ee728b) [PhysX] Initialized MultithreadedTaskDispatcher with 12 workers.
[PhysX] Initialized MultithreadedTaskDispatcher with 12 workers.
[PhysX] Initialized MultithreadedTaskDispatcher with 12 workers.
[PhysX] Initialized MultithreadedTaskDispatcher with 12 workers.
[PhysX] Initialized MultithreadedTaskDispatcher with 12 workers.
 -> (artifact id: 'e6aab2d6f10739296c401beb9d6d7b01') in 0.028911 seconds
Number of updated asset objects reloaded before import = 0
Number of asset objects unloaded after import = 10
========================================================================
Received Import Request.
  Time since last request: 0.000050 seconds.
  path: Assets/RH_Asset/road-tjunction-low.obj
  artifactKey: Guid(28cb77310de29994c9d92e0d64c00fd8) Importer(815301076,1909f56bfc062723c751e8b465ee728b)
Start importing Assets/RH_Asset/road-tjunction-low.obj using Guid(28cb77310de29994c9d92e0d64c00fd8) Importer(815301076,1909f56bfc062723c751e8b465ee728b) [PhysX] Initialized MultithreadedTaskDispatcher with 12 workers.
[PhysX] Initialized MultithreadedTaskDispatcher with 12 workers.
[PhysX] Initialized MultithreadedTaskDispatcher with 12 workers.
[PhysX] Initialized MultithreadedTaskDispatcher with 12 workers.
[PhysX] Initialized MultithreadedTaskDispatcher with 12 workers.
 -> (artifact id: '7608a3602f6b35440a6acb01d7cddb74') in 0.032606 seconds
Number of updated asset objects reloaded before import = 0
Number of asset objects unloaded after import = 10
========================================================================
Received Import Request.
  Time since last request: 0.000036 seconds.
  path: Assets/RH_Asset/dirt-low.obj
  artifactKey: Guid(636a7af243ea5ba46b28e96b7144ad4e) Importer(815301076,1909f56bfc062723c751e8b465ee728b)
Start importing Assets/RH_Asset/dirt-low.obj using Guid(636a7af243ea5ba46b28e96b7144ad4e) Importer(815301076,1909f56bfc062723c751e8b465ee728b) [PhysX] Initialized MultithreadedTaskDispatcher with 12 workers.
[PhysX] Initialized MultithreadedTaskDispatcher with 12 workers.
[PhysX] Initialized MultithreadedTaskDispatcher with 12 workers.
[PhysX] Initialized MultithreadedTaskDispatcher with 12 workers.
[PhysX] Initialized MultithreadedTaskDispatcher with 12 workers.
 -> (artifact id: '93042f3317152370b653275b8c851d03') in 0.029380 seconds
Number of updated asset objects reloaded before import = 0
Number of asset objects unloaded after import = 10
========================================================================
Received Import Request.
  Time since last request: 0.000029 seconds.
  path: Assets/RH_Asset/water-bedding-convex.obj
  artifactKey: Guid(55adf6a30b21d5d4db6611aef14dd5e0) Importer(815301076,1909f56bfc062723c751e8b465ee728b)
Start importing Assets/RH_Asset/water-bedding-convex.obj using Guid(55adf6a30b21d5d4db6611aef14dd5e0) Importer(815301076,1909f56bfc062723c751e8b465ee728b) [PhysX] Initialized MultithreadedTaskDispatcher with 12 workers.
[PhysX] Initialized MultithreadedTaskDispatcher with 12 workers.
[PhysX] Initialized MultithreadedTaskDispatcher with 12 workers.
[PhysX] Initialized MultithreadedTaskDispatcher with 12 workers.
[PhysX] Initialized MultithreadedTaskDispatcher with 12 workers.
 -> (artifact id: 'f005105a7cf0a8d59ca310229feff07f') in 0.031190 seconds
Number of updated asset objects reloaded before import = 0
Number of asset objects unloaded after import = 10
========================================================================
Received Import Request.
  Time since last request: 0.000017 seconds.
  path: Assets/RH_Asset/water-beach-concave.obj
  artifactKey: Guid(c3d0f4887eb10f748b0b7d7ed5456230) Importer(815301076,1909f56bfc062723c751e8b465ee728b)
Start importing Assets/RH_Asset/water-beach-concave.obj using Guid(c3d0f4887eb10f748b0b7d7ed5456230) Importer(815301076,1909f56bfc062723c751e8b465ee728b) [PhysX] Initialized MultithreadedTaskDispatcher with 12 workers.
[PhysX] Initialized MultithreadedTaskDispatcher with 12 workers.
[PhysX] Initialized MultithreadedTaskDispatcher with 12 workers.
[PhysX] Initialized MultithreadedTaskDispatcher with 12 workers.
[PhysX] Initialized MultithreadedTaskDispatcher with 12 workers.
 -> (artifact id: '93fff37e56d11a9d4179452f627affaf') in 0.028953 seconds
Number of updated asset objects reloaded before import = 0
Number of asset objects unloaded after import = 10
========================================================================
Received Import Request.
  Time since last request: 0.000025 seconds.
  path: Assets/RH_Asset/road-tunnel-segment.obj
  artifactKey: Guid(a85e05f0f06079a47bb5c2e6d48ffa2a) Importer(815301076,1909f56bfc062723c751e8b465ee728b)
Start importing Assets/RH_Asset/road-tunnel-segment.obj using Guid(a85e05f0f06079a47bb5c2e6d48ffa2a) Importer(815301076,1909f56bfc062723c751e8b465ee728b) [PhysX] Initialized MultithreadedTaskDispatcher with 12 workers.
[PhysX] Initialized MultithreadedTaskDispatcher with 12 workers.
[PhysX] Initialized MultithreadedTaskDispatcher with 12 workers.
[PhysX] Initialized MultithreadedTaskDispatcher with 12 workers.
[PhysX] Initialized MultithreadedTaskDispatcher with 12 workers.
 -> (artifact id: 'bb1336d70342e52c8f74b15b7553462f') in 0.027740 seconds
Number of updated asset objects reloaded before import = 0
Number of asset objects unloaded after import = 10
========================================================================
Received Import Request.
  Time since last request: 0.000033 seconds.
  path: Assets/RH_Asset/river-end-low.obj
  artifactKey: Guid(b56fd4a14df063548958dc089b561128) Importer(815301076,1909f56bfc062723c751e8b465ee728b)
Start importing Assets/RH_Asset/river-end-low.obj using Guid(b56fd4a14df063548958dc089b561128) Importer(815301076,1909f56bfc062723c751e8b465ee728b) [PhysX] Initialized MultithreadedTaskDispatcher with 12 workers.
[PhysX] Initialized MultithreadedTaskDispatcher with 12 workers.
[PhysX] Initialized MultithreadedTaskDispatcher with 12 workers.
[PhysX] Initialized MultithreadedTaskDispatcher with 12 workers.
[PhysX] Initialized MultithreadedTaskDispatcher with 12 workers.
 -> (artifact id: '14403bf3974738c81cda283a5e65c564') in 0.026620 seconds
Number of updated asset objects reloaded before import = 0
Number of asset objects unloaded after import = 10
========================================================================
Received Import Request.
  Time since last request: 0.000033 seconds.
  path: Assets/RH_Asset/road-bridge-canal.obj
  artifactKey: Guid(76d52a2cb2673b84b830e2013460e664) Importer(815301076,1909f56bfc062723c751e8b465ee728b)
Start importing Assets/RH_Asset/road-bridge-canal.obj using Guid(76d52a2cb2673b84b830e2013460e664) Importer(815301076,1909f56bfc062723c751e8b465ee728b) [PhysX] Initialized MultithreadedTaskDispatcher with 12 workers.
[PhysX] Initialized MultithreadedTaskDispatcher with 12 workers.
[PhysX] Initialized MultithreadedTaskDispatcher with 12 workers.
[PhysX] Initialized MultithreadedTaskDispatcher with 12 workers.
[PhysX] Initialized MultithreadedTaskDispatcher with 12 workers.
 -> (artifact id: 'cb91b24b06f389545cc447032a9e638c') in 0.028820 seconds
Number of updated asset objects reloaded before import = 0
Number of asset objects unloaded after import = 10
========================================================================
Received Import Request.
  Time since last request: 0.000023 seconds.
  path: Assets/RH_Asset/river-corner-high.obj
  artifactKey: Guid(c15231988ec44564c91fe8cffe6f66a5) Importer(815301076,1909f56bfc062723c751e8b465ee728b)
Start importing Assets/RH_Asset/river-corner-high.obj using Guid(c15231988ec44564c91fe8cffe6f66a5) Importer(815301076,1909f56bfc062723c751e8b465ee728b) [PhysX] Initialized MultithreadedTaskDispatcher with 12 workers.
[PhysX] Initialized MultithreadedTaskDispatcher with 12 workers.
[PhysX] Initialized MultithreadedTaskDispatcher with 12 workers.
[PhysX] Initialized MultithreadedTaskDispatcher with 12 workers.
[PhysX] Initialized MultithreadedTaskDispatcher with 12 workers.
 -> (artifact id: '33a680f4058f8900706395b18c0cd395') in 0.028727 seconds
Number of updated asset objects reloaded before import = 0
Number of asset objects unloaded after import = 10
========================================================================
Received Import Request.
  Time since last request: 0.000025 seconds.
  path: Assets/RH_Asset/canal-river-low.obj
  artifactKey: Guid(b0c3b73954b519940afb75eba7c87e14) Importer(815301076,1909f56bfc062723c751e8b465ee728b)
Start importing Assets/RH_Asset/canal-river-low.obj using Guid(b0c3b73954b519940afb75eba7c87e14) Importer(815301076,1909f56bfc062723c751e8b465ee728b) [PhysX] Initialized MultithreadedTaskDispatcher with 12 workers.
[PhysX] Initialized MultithreadedTaskDispatcher with 12 workers.
[PhysX] Initialized MultithreadedTaskDispatcher with 12 workers.
[PhysX] Initialized MultithreadedTaskDispatcher with 12 workers.
[PhysX] Initialized MultithreadedTaskDispatcher with 12 workers.
 -> (artifact id: '931d67bf3510b8d879ad8cf59e4500b3') in 0.026772 seconds
Number of updated asset objects reloaded before import = 0
Number of asset objects unloaded after import = 10
========================================================================
Received Import Request.
  Time since last request: 0.000037 seconds.
  path: Assets/RH_Asset/road-crossing-high.obj
  artifactKey: Guid(a800b23576af3a944ad90c448c244c79) Importer(815301076,1909f56bfc062723c751e8b465ee728b)
Start importing Assets/RH_Asset/road-crossing-high.obj using Guid(a800b23576af3a944ad90c448c244c79) Importer(815301076,1909f56bfc062723c751e8b465ee728b) [PhysX] Initialized MultithreadedTaskDispatcher with 12 workers.
[PhysX] Initialized MultithreadedTaskDispatcher with 12 workers.
[PhysX] Initialized MultithreadedTaskDispatcher with 12 workers.
[PhysX] Initialized MultithreadedTaskDispatcher with 12 workers.
[PhysX] Initialized MultithreadedTaskDispatcher with 12 workers.
 -> (artifact id: '18ca7682d6abe91a931f3171bc27b355') in 0.031017 seconds
Number of updated asset objects reloaded before import = 0
Number of asset objects unloaded after import = 10
========================================================================
Received Import Request.
  Time since last request: 0.000033 seconds.
  path: Assets/RH_Asset/water-beach-straight.obj
  artifactKey: Guid(7dd3a29d95164b64a90d75bf7ef04519) Importer(815301076,1909f56bfc062723c751e8b465ee728b)
Start importing Assets/RH_Asset/water-beach-straight.obj using Guid(7dd3a29d95164b64a90d75bf7ef04519) Importer(815301076,1909f56bfc062723c751e8b465ee728b) [PhysX] Initialized MultithreadedTaskDispatcher with 12 workers.
[PhysX] Initialized MultithreadedTaskDispatcher with 12 workers.
[PhysX] Initialized MultithreadedTaskDispatcher with 12 workers.
[PhysX] Initialized MultithreadedTaskDispatcher with 12 workers.
[PhysX] Initialized MultithreadedTaskDispatcher with 12 workers.
 -> (artifact id: 'b6f9d884f36515a0a808d74306f31d29') in 0.027895 seconds
Number of updated asset objects reloaded before import = 0
Number of asset objects unloaded after import = 10
========================================================================
Received Import Request.
  Time since last request: 0.000029 seconds.
  path: Assets/RH_Asset/water-bedding-straight.obj
  artifactKey: Guid(1b893db74d1423a4ea3c5c041db83766) Importer(815301076,1909f56bfc062723c751e8b465ee728b)
Start importing Assets/RH_Asset/water-bedding-straight.obj using Guid(1b893db74d1423a4ea3c5c041db83766) Importer(815301076,1909f56bfc062723c751e8b465ee728b) [PhysX] Initialized MultithreadedTaskDispatcher with 12 workers.
[PhysX] Initialized MultithreadedTaskDispatcher with 12 workers.
[PhysX] Initialized MultithreadedTaskDispatcher with 12 workers.
[PhysX] Initialized MultithreadedTaskDispatcher with 12 workers.
[PhysX] Initialized MultithreadedTaskDispatcher with 12 workers.
 -> (artifact id: 'c132ee6ee270a6472ef832ca035b66f1') in 0.025499 seconds
Number of updated asset objects reloaded before import = 0
Number of asset objects unloaded after import = 10
========================================================================
Received Import Request.
  Time since last request: 45.606701 seconds.
  path: Assets/RH_Asset/canal-corner-high.obj
  artifactKey: Guid(ca198ef37a099874882307be140cb8ec) Importer(815301076,1909f56bfc062723c751e8b465ee728b)
Start importing Assets/RH_Asset/canal-corner-high.obj using Guid(ca198ef37a099874882307be140cb8ec) Importer(815301076,1909f56bfc062723c751e8b465ee728b) [PhysX] Initialized MultithreadedTaskDispatcher with 12 workers.
[PhysX] Initialized MultithreadedTaskDispatcher with 12 workers.
[PhysX] Initialized MultithreadedTaskDispatcher with 12 workers.
[PhysX] Initialized MultithreadedTaskDispatcher with 12 workers.
[PhysX] Initialized MultithreadedTaskDispatcher with 12 workers.
 -> (artifact id: '10a2e9913c65c61112035817c8e3b5dd') in 0.030282 seconds
Number of updated asset objects reloaded before import = 0
Number of asset objects unloaded after import = 10
========================================================================
Received Import Request.
  Time since last request: 0.000026 seconds.
  path: Assets/RH_Asset/hill-corner-low.obj
  artifactKey: Guid(94a82dd96a4081046ac5c5651514ebde) Importer(815301076,1909f56bfc062723c751e8b465ee728b)
Start importing Assets/RH_Asset/hill-corner-low.obj using Guid(94a82dd96a4081046ac5c5651514ebde) Importer(815301076,1909f56bfc062723c751e8b465ee728b) [PhysX] Initialized MultithreadedTaskDispatcher with 12 workers.
[PhysX] Initialized MultithreadedTaskDispatcher with 12 workers.
[PhysX] Initialized MultithreadedTaskDispatcher with 12 workers.
[PhysX] Initialized MultithreadedTaskDispatcher with 12 workers.
[PhysX] Initialized MultithreadedTaskDispatcher with 12 workers.
 -> (artifact id: '82e2948fe5b0013a83015ec3e2c63f1c') in 0.032340 seconds
Number of updated asset objects reloaded before import = 0
Number of asset objects unloaded after import = 10
========================================================================
Received Import Request.
  Time since last request: 0.000032 seconds.
  path: Assets/RH_Asset/grass.obj
  artifactKey: Guid(1970475ffc2d13e4fb57e6382d8294a2) Importer(815301076,1909f56bfc062723c751e8b465ee728b)
Start importing Assets/RH_Asset/grass.obj using Guid(1970475ffc2d13e4fb57e6382d8294a2) Importer(815301076,1909f56bfc062723c751e8b465ee728b) [PhysX] Initialized MultithreadedTaskDispatcher with 12 workers.
[PhysX] Initialized MultithreadedTaskDispatcher with 12 workers.
[PhysX] Initialized MultithreadedTaskDispatcher with 12 workers.
[PhysX] Initialized MultithreadedTaskDispatcher with 12 workers.
[PhysX] Initialized MultithreadedTaskDispatcher with 12 workers.
 -> (artifact id: 'fa1f2b44fa190c639aecf06fea8f323f') in 0.040775 seconds
Number of updated asset objects reloaded before import = 0
Number of asset objects unloaded after import = 10
========================================================================
Received Import Request.
  Time since last request: 0.000015 seconds.
  path: Assets/RH_Asset/hill-corner-high.obj
  artifactKey: Guid(f3b26f33a7c692245be083b05c84e547) Importer(815301076,1909f56bfc062723c751e8b465ee728b)
Start importing Assets/RH_Asset/hill-corner-high.obj using Guid(f3b26f33a7c692245be083b05c84e547) Importer(815301076,1909f56bfc062723c751e8b465ee728b) [PhysX] Initialized MultithreadedTaskDispatcher with 12 workers.
[PhysX] Initialized MultithreadedTaskDispatcher with 12 workers.
[PhysX] Initialized MultithreadedTaskDispatcher with 12 workers.
[PhysX] Initialized MultithreadedTaskDispatcher with 12 workers.
[PhysX] Initialized MultithreadedTaskDispatcher with 12 workers.
 -> (artifact id: 'b6bf55efee8d363327610e88c8d60756') in 0.047038 seconds
Number of updated asset objects reloaded before import = 0
Number of asset objects unloaded after import = 10
========================================================================
Received Import Request.
  Time since last request: 0.000027 seconds.
  path: Assets/RH_Asset/river-straight-low.obj
  artifactKey: Guid(8aaef02259b671240bedde613375c686) Importer(815301076,1909f56bfc062723c751e8b465ee728b)
Start importing Assets/RH_Asset/river-straight-low.obj using Guid(8aaef02259b671240bedde613375c686) Importer(815301076,1909f56bfc062723c751e8b465ee728b) [PhysX] Initialized MultithreadedTaskDispatcher with 12 workers.
[PhysX] Initialized MultithreadedTaskDispatcher with 12 workers.
[PhysX] Initialized MultithreadedTaskDispatcher with 12 workers.
[PhysX] Initialized MultithreadedTaskDispatcher with 12 workers.
[PhysX] Initialized MultithreadedTaskDispatcher with 12 workers.
 -> (artifact id: '2f148eb59f6d5f04ad5191f452d59214') in 0.040012 seconds
Number of updated asset objects reloaded before import = 0
Number of asset objects unloaded after import = 10
========================================================================
Received Import Request.
  Time since last request: 0.000026 seconds.
  path: Assets/RH_Asset/river-hill.obj
  artifactKey: Guid(570b5b9b562f6eb47b66f255e6cfc601) Importer(815301076,1909f56bfc062723c751e8b465ee728b)
Start importing Assets/RH_Asset/river-hill.obj using Guid(570b5b9b562f6eb47b66f255e6cfc601) Importer(815301076,1909f56bfc062723c751e8b465ee728b) [PhysX] Initialized MultithreadedTaskDispatcher with 12 workers.
[PhysX] Initialized MultithreadedTaskDispatcher with 12 workers.
[PhysX] Initialized MultithreadedTaskDispatcher with 12 workers.
[PhysX] Initialized MultithreadedTaskDispatcher with 12 workers.
[PhysX] Initialized MultithreadedTaskDispatcher with 12 workers.
 -> (artifact id: '9494f02444671732273e3b2b10d5a5f3') in 0.038737 seconds
Number of updated asset objects reloaded before import = 0
Number of asset objects unloaded after import = 10
========================================================================
Received Import Request.
  Time since last request: 0.000030 seconds.
  path: Assets/RH_Asset/canal-hill-water-low.obj
  artifactKey: Guid(fbbd3e84dbb88f0408726fd3441562a0) Importer(815301076,1909f56bfc062723c751e8b465ee728b)
Start importing Assets/RH_Asset/canal-hill-water-low.obj using Guid(fbbd3e84dbb88f0408726fd3441562a0) Importer(815301076,1909f56bfc062723c751e8b465ee728b) [PhysX] Initialized MultithreadedTaskDispatcher with 12 workers.
[PhysX] Initialized MultithreadedTaskDispatcher with 12 workers.
[PhysX] Initialized MultithreadedTaskDispatcher with 12 workers.
[PhysX] Initialized MultithreadedTaskDispatcher with 12 workers.
[PhysX] Initialized MultithreadedTaskDispatcher with 12 workers.
 -> (artifact id: '7198c97e51ee21638b50c7641d4573b4') in 0.032164 seconds
Number of updated asset objects reloaded before import = 0
Number of asset objects unloaded after import = 10
========================================================================
Received Import Request.
  Time since last request: 0.000022 seconds.
  path: Assets/RH_Asset/canal-straight-low.obj
  artifactKey: Guid(a30b0a3d1e42cbb429f212d8af28c1ee) Importer(815301076,1909f56bfc062723c751e8b465ee728b)
Start importing Assets/RH_Asset/canal-straight-low.obj using Guid(a30b0a3d1e42cbb429f212d8af28c1ee) Importer(815301076,1909f56bfc062723c751e8b465ee728b) [PhysX] Initialized MultithreadedTaskDispatcher with 12 workers.
[PhysX] Initialized MultithreadedTaskDispatcher with 12 workers.
[PhysX] Initialized MultithreadedTaskDispatcher with 12 workers.
[PhysX] Initialized MultithreadedTaskDispatcher with 12 workers.
[PhysX] Initialized MultithreadedTaskDispatcher with 12 workers.
 -> (artifact id: '803cffb862d13148ddfdaf609afa8798') in 0.032740 seconds
Number of updated asset objects reloaded before import = 0
Number of asset objects unloaded after import = 10
========================================================================
Received Import Request.
  Time since last request: 0.000024 seconds.
  path: Assets/RH_Asset/road-crossing-low.obj
  artifactKey: Guid(b8c1c5917e5c7f041ad06048c7e83c8d) Importer(815301076,1909f56bfc062723c751e8b465ee728b)
Start importing Assets/RH_Asset/road-crossing-low.obj using Guid(b8c1c5917e5c7f041ad06048c7e83c8d) Importer(815301076,1909f56bfc062723c751e8b465ee728b) [PhysX] Initialized MultithreadedTaskDispatcher with 12 workers.
[PhysX] Initialized MultithreadedTaskDispatcher with 12 workers.
[PhysX] Initialized MultithreadedTaskDispatcher with 12 workers.
[PhysX] Initialized MultithreadedTaskDispatcher with 12 workers.
[PhysX] Initialized MultithreadedTaskDispatcher with 12 workers.
 -> (artifact id: '165189fd0b51708dd21c798d66a208b8') in 0.028335 seconds
Number of updated asset objects reloaded before import = 0
Number of asset objects unloaded after import = 10
========================================================================
Received Import Request.
  Time since last request: 0.000037 seconds.
  path: Assets/RH_Asset/dirt-low.obj
  artifactKey: Guid(636a7af243ea5ba46b28e96b7144ad4e) Importer(815301076,1909f56bfc062723c751e8b465ee728b)
Start importing Assets/RH_Asset/dirt-low.obj using Guid(636a7af243ea5ba46b28e96b7144ad4e) Importer(815301076,1909f56bfc062723c751e8b465ee728b) [PhysX] Initialized MultithreadedTaskDispatcher with 12 workers.
[PhysX] Initialized MultithreadedTaskDispatcher with 12 workers.
[PhysX] Initialized MultithreadedTaskDispatcher with 12 workers.
[PhysX] Initialized MultithreadedTaskDispatcher with 12 workers.
[PhysX] Initialized MultithreadedTaskDispatcher with 12 workers.
 -> (artifact id: '630b9bf6517a832dcac4841af7a141e0') in 0.027793 seconds
Number of updated asset objects reloaded before import = 0
Number of asset objects unloaded after import = 10
========================================================================
Received Import Request.
  Time since last request: 0.000035 seconds.
  path: Assets/RH_Asset/river-end-low.obj
  artifactKey: Guid(b56fd4a14df063548958dc089b561128) Importer(815301076,1909f56bfc062723c751e8b465ee728b)
Start importing Assets/RH_Asset/river-end-low.obj using Guid(b56fd4a14df063548958dc089b561128) Importer(815301076,1909f56bfc062723c751e8b465ee728b) [PhysX] Initialized MultithreadedTaskDispatcher with 12 workers.
[PhysX] Initialized MultithreadedTaskDispatcher with 12 workers.
[PhysX] Initialized MultithreadedTaskDispatcher with 12 workers.
[PhysX] Initialized MultithreadedTaskDispatcher with 12 workers.
[PhysX] Initialized MultithreadedTaskDispatcher with 12 workers.
 -> (artifact id: '2901bebf6d3e1bd0d6c1bc2c49dd69aa') in 0.030116 seconds
Number of updated asset objects reloaded before import = 0
Number of asset objects unloaded after import = 10
========================================================================
Received Import Request.
  Time since last request: 0.000027 seconds.
  path: Assets/RH_Asset/lot-border.obj
  artifactKey: Guid(311feeac6b7fb3f4daa5dbe360ecc688) Importer(815301076,1909f56bfc062723c751e8b465ee728b)
Start importing Assets/RH_Asset/lot-border.obj using Guid(311feeac6b7fb3f4daa5dbe360ecc688) Importer(815301076,1909f56bfc062723c751e8b465ee728b) [PhysX] Initialized MultithreadedTaskDispatcher with 12 workers.
[PhysX] Initialized MultithreadedTaskDispatcher with 12 workers.
[PhysX] Initialized MultithreadedTaskDispatcher with 12 workers.
[PhysX] Initialized MultithreadedTaskDispatcher with 12 workers.
[PhysX] Initialized MultithreadedTaskDispatcher with 12 workers.
 -> (artifact id: '257bc719fb31e47b8c706ccfe8c88946') in 0.036237 seconds
Number of updated asset objects reloaded before import = 0
Number of asset objects unloaded after import = 10
========================================================================
Received Import Request.
  Time since last request: 0.000040 seconds.
  path: Assets/RH_Asset/road-crossing-high.obj
  artifactKey: Guid(a800b23576af3a944ad90c448c244c79) Importer(815301076,1909f56bfc062723c751e8b465ee728b)
Start importing Assets/RH_Asset/road-crossing-high.obj using Guid(a800b23576af3a944ad90c448c244c79) Importer(815301076,1909f56bfc062723c751e8b465ee728b) [PhysX] Initialized MultithreadedTaskDispatcher with 12 workers.
[PhysX] Initialized MultithreadedTaskDispatcher with 12 workers.
[PhysX] Initialized MultithreadedTaskDispatcher with 12 workers.
[PhysX] Initialized MultithreadedTaskDispatcher with 12 workers.
[PhysX] Initialized MultithreadedTaskDispatcher with 12 workers.
 -> (artifact id: '5d171c1bc579ba254e691c991ae27e2c') in 0.033141 seconds
Number of updated asset objects reloaded before import = 0
Number of asset objects unloaded after import = 10
========================================================================
Received Import Request.
  Time since last request: 0.000029 seconds.
  path: Assets/RH_Asset/canal-river-high.obj
  artifactKey: Guid(b93fc05869719474b88ff4a211320154) Importer(815301076,1909f56bfc062723c751e8b465ee728b)
Start importing Assets/RH_Asset/canal-river-high.obj using Guid(b93fc05869719474b88ff4a211320154) Importer(815301076,1909f56bfc062723c751e8b465ee728b) [PhysX] Initialized MultithreadedTaskDispatcher with 12 workers.
[PhysX] Initialized MultithreadedTaskDispatcher with 12 workers.
[PhysX] Initialized MultithreadedTaskDispatcher with 12 workers.
[PhysX] Initialized MultithreadedTaskDispatcher with 12 workers.
[PhysX] Initialized MultithreadedTaskDispatcher with 12 workers.
 -> (artifact id: '209827398acb48a20c4c8fa0c18250be') in 0.030488 seconds
Number of updated asset objects reloaded before import = 0
Number of asset objects unloaded after import = 10
========================================================================
Received Import Request.
  Time since last request: 2.279198 seconds.
  path: Assets/RH_Asset/road-end-low.obj
  artifactKey: Guid(9fb4d8a0e32512342bfb256ea8b8d62f) Importer(815301076,1909f56bfc062723c751e8b465ee728b)
Start importing Assets/RH_Asset/road-end-low.obj using Guid(9fb4d8a0e32512342bfb256ea8b8d62f) Importer(815301076,1909f56bfc062723c751e8b465ee728b) [PhysX] Initialized MultithreadedTaskDispatcher with 12 workers.
[PhysX] Initialized MultithreadedTaskDispatcher with 12 workers.
[PhysX] Initialized MultithreadedTaskDispatcher with 12 workers.
[PhysX] Initialized MultithreadedTaskDispatcher with 12 workers.
[PhysX] Initialized MultithreadedTaskDispatcher with 12 workers.
 -> (artifact id: '59166bdaec1ea480b10af8ae028a97a8') in 0.029967 seconds
Number of updated asset objects reloaded before import = 0
Number of asset objects unloaded after import = 10
========================================================================
Received Import Request.
  Time since last request: 0.000040 seconds.
  path: Assets/RH_Asset/road-tjunction-high.obj
  artifactKey: Guid(5b7164fa794d73e4d88c7aecdccb7f79) Importer(815301076,1909f56bfc062723c751e8b465ee728b)
Start importing Assets/RH_Asset/road-tjunction-high.obj using Guid(5b7164fa794d73e4d88c7aecdccb7f79) Importer(815301076,1909f56bfc062723c751e8b465ee728b) [PhysX] Initialized MultithreadedTaskDispatcher with 12 workers.
[PhysX] Initialized MultithreadedTaskDispatcher with 12 workers.
[PhysX] Initialized MultithreadedTaskDispatcher with 12 workers.
[PhysX] Initialized MultithreadedTaskDispatcher with 12 workers.
[PhysX] Initialized MultithreadedTaskDispatcher with 12 workers.
 -> (artifact id: 'a5cee0315b881d20f4970af7298efa58') in 0.029988 seconds
Number of updated asset objects reloaded before import = 0
Number of asset objects unloaded after import = 10
========================================================================
Received Import Request.
  Time since last request: 0.000800 seconds.
  path: Assets/RH_Asset/road-tunnel-segment.obj
  artifactKey: Guid(a85e05f0f06079a47bb5c2e6d48ffa2a) Importer(815301076,1909f56bfc062723c751e8b465ee728b)
Start importing Assets/RH_Asset/road-tunnel-segment.obj using Guid(a85e05f0f06079a47bb5c2e6d48ffa2a) Importer(815301076,1909f56bfc062723c751e8b465ee728b) [PhysX] Initialized MultithreadedTaskDispatcher with 12 workers.
[PhysX] Initialized MultithreadedTaskDispatcher with 12 workers.
[PhysX] Initialized MultithreadedTaskDispatcher with 12 workers.
[PhysX] Initialized MultithreadedTaskDispatcher with 12 workers.
[PhysX] Initialized MultithreadedTaskDispatcher with 12 workers.
 -> (artifact id: 'b5f0c31066d018747bfe22bbb369a326') in 0.027840 seconds
Number of updated asset objects reloaded before import = 0
Number of asset objects unloaded after import = 10
========================================================================
Received Import Request.
  Time since last request: 0.000024 seconds.
  path: Assets/RH_Asset/water.obj
  artifactKey: Guid(cb0b9367501dc5442925363478ec0396) Importer(815301076,1909f56bfc062723c751e8b465ee728b)
Start importing Assets/RH_Asset/water.obj using Guid(cb0b9367501dc5442925363478ec0396) Importer(815301076,1909f56bfc062723c751e8b465ee728b) [PhysX] Initialized MultithreadedTaskDispatcher with 12 workers.
[PhysX] Initialized MultithreadedTaskDispatcher with 12 workers.
[PhysX] Initialized MultithreadedTaskDispatcher with 12 workers.
[PhysX] Initialized MultithreadedTaskDispatcher with 12 workers.
[PhysX] Initialized MultithreadedTaskDispatcher with 12 workers.
 -> (artifact id: 'eac26f0eaa1a38dde81b09b6f82d7806') in 0.028327 seconds
Number of updated asset objects reloaded before import = 0
Number of asset objects unloaded after import = 10
========================================================================
Received Import Request.
  Time since last request: 0.000066 seconds.
  path: Assets/RH_Asset/water-beach-concave.obj
  artifactKey: Guid(c3d0f4887eb10f748b0b7d7ed5456230) Importer(815301076,1909f56bfc062723c751e8b465ee728b)
Start importing Assets/RH_Asset/water-beach-concave.obj using Guid(c3d0f4887eb10f748b0b7d7ed5456230) Importer(815301076,1909f56bfc062723c751e8b465ee728b) [PhysX] Initialized MultithreadedTaskDispatcher with 12 workers.
[PhysX] Initialized MultithreadedTaskDispatcher with 12 workers.
[PhysX] Initialized MultithreadedTaskDispatcher with 12 workers.
[PhysX] Initialized MultithreadedTaskDispatcher with 12 workers.
[PhysX] Initialized MultithreadedTaskDispatcher with 12 workers.
 -> (artifact id: 'cbf51848ae8a58568bb9e482895150d9') in 0.032298 seconds
Number of updated asset objects reloaded before import = 0
Number of asset objects unloaded after import = 10
========================================================================
Received Import Request.
  Time since last request: 0.000038 seconds.
  path: Assets/RH_Asset/water-bedding-straight.obj
  artifactKey: Guid(1b893db74d1423a4ea3c5c041db83766) Importer(815301076,1909f56bfc062723c751e8b465ee728b)
Start importing Assets/RH_Asset/water-bedding-straight.obj using Guid(1b893db74d1423a4ea3c5c041db83766) Importer(815301076,1909f56bfc062723c751e8b465ee728b) [PhysX] Initialized MultithreadedTaskDispatcher with 12 workers.
[PhysX] Initialized MultithreadedTaskDispatcher with 12 workers.
[PhysX] Initialized MultithreadedTaskDispatcher with 12 workers.
[PhysX] Initialized MultithreadedTaskDispatcher with 12 workers.
[PhysX] Initialized MultithreadedTaskDispatcher with 12 workers.
 -> (artifact id: '03cefc354665e8a1320248192576673d') in 0.025982 seconds
Number of updated asset objects reloaded before import = 0
Number of asset objects unloaded after import = 10
========================================================================
Received Import Request.
  Time since last request: 2396.392013 seconds.
  path: Assets/TutorialInfo/Icons/Mobile 3D.png
  artifactKey: Guid(cbea0258d69fdef4ba73fa582f0e2004) Importer(815301076,1909f56bfc062723c751e8b465ee728b)
Start importing Assets/TutorialInfo/Icons/Mobile 3D.png using Guid(cbea0258d69fdef4ba73fa582f0e2004) Importer(815301076,1909f56bfc062723c751e8b465ee728b) [PhysX] Initialized MultithreadedTaskDispatcher with 12 workers.
[PhysX] Initialized MultithreadedTaskDispatcher with 12 workers.
 -> (artifact id: 'b10a1a3b0865440b87c23956e2b596f1') in 0.057918 seconds
Number of updated asset objects reloaded before import = 0
Number of asset objects unloaded after import = 2
========================================================================
Received Import Request.
  Time since last request: 3428.518404 seconds.
  path: Assets/RH_Asset/landscape_asset_v2a/lot-border.obj
  artifactKey: Guid(d7cfdf1d2c6410343bf305de016bde7d) Importer(815301076,1909f56bfc062723c751e8b465ee728b)
Start importing Assets/RH_Asset/landscape_asset_v2a/lot-border.obj using Guid(d7cfdf1d2c6410343bf305de016bde7d) Importer(815301076,1909f56bfc062723c751e8b465ee728b) [PhysX] Initialized MultithreadedTaskDispatcher with 12 workers.
[PhysX] Initialized MultithreadedTaskDispatcher with 12 workers.
[PhysX] Initialized MultithreadedTaskDispatcher with 12 workers.
[PhysX] Initialized MultithreadedTaskDispatcher with 12 workers.
[PhysX] Initialized MultithreadedTaskDispatcher with 12 workers.
 -> (artifact id: '53eefa65f385e99f12ccf5cc9b38900f') in 0.060670 seconds
Number of updated asset objects reloaded before import = 0
Number of asset objects unloaded after import = 10
========================================================================
Received Import Request.
  Time since last request: 0.000041 seconds.
  path: Assets/RH_Asset/landscape_asset_v2a/road-bridge-canal.obj
  artifactKey: Guid(3d4610167b1c15c41948dbfaef98ffd2) Importer(815301076,1909f56bfc062723c751e8b465ee728b)
Start importing Assets/RH_Asset/landscape_asset_v2a/road-bridge-canal.obj using Guid(3d4610167b1c15c41948dbfaef98ffd2) Importer(815301076,1909f56bfc062723c751e8b465ee728b) [PhysX] Initialized MultithreadedTaskDispatcher with 12 workers.
[PhysX] Initialized MultithreadedTaskDispatcher with 12 workers.
[PhysX] Initialized MultithreadedTaskDispatcher with 12 workers.
[PhysX] Initialized MultithreadedTaskDispatcher with 12 workers.
[PhysX] Initialized MultithreadedTaskDispatcher with 12 workers.
 -> (artifact id: '32d3548b305750f4a7e745f6f3522c7b') in 0.032868 seconds
Number of updated asset objects reloaded before import = 0
Number of asset objects unloaded after import = 10
========================================================================
Received Import Request.
  Time since last request: 0.000027 seconds.
  path: Assets/RH_Asset/landscape_asset_v2a/road-bridge-water.obj
  artifactKey: Guid(3011ce9d7142f35459c675bdb80b3227) Importer(815301076,1909f56bfc062723c751e8b465ee728b)
Start importing Assets/RH_Asset/landscape_asset_v2a/road-bridge-water.obj using Guid(3011ce9d7142f35459c675bdb80b3227) Importer(815301076,1909f56bfc062723c751e8b465ee728b) [PhysX] Initialized MultithreadedTaskDispatcher with 12 workers.
[PhysX] Initialized MultithreadedTaskDispatcher with 12 workers.
[PhysX] Initialized MultithreadedTaskDispatcher with 12 workers.
[PhysX] Initialized MultithreadedTaskDispatcher with 12 workers.
[PhysX] Initialized MultithreadedTaskDispatcher with 12 workers.
 -> (artifact id: '753ea52cfce3d8661148131f7880573a') in 0.026070 seconds
Number of updated asset objects reloaded before import = 0
Number of asset objects unloaded after import = 10
========================================================================
Received Import Request.
  Time since last request: 0.000021 seconds.
  path: Assets/RH_Asset/landscape_asset_v2a/road-hill.obj
  artifactKey: Guid(d2e0a791fe3d5b648ada1c1cea758c0a) Importer(815301076,1909f56bfc062723c751e8b465ee728b)
Start importing Assets/RH_Asset/landscape_asset_v2a/road-hill.obj using Guid(d2e0a791fe3d5b648ada1c1cea758c0a) Importer(815301076,1909f56bfc062723c751e8b465ee728b) [PhysX] Initialized MultithreadedTaskDispatcher with 12 workers.
[PhysX] Initialized MultithreadedTaskDispatcher with 12 workers.
[PhysX] Initialized MultithreadedTaskDispatcher with 12 workers.
[PhysX] Initialized MultithreadedTaskDispatcher with 12 workers.
[PhysX] Initialized MultithreadedTaskDispatcher with 12 workers.
 -> (artifact id: '9baa02760d9e4875eea1f5087b70c6e7') in 0.024606 seconds
Number of updated asset objects reloaded before import = 0
Number of asset objects unloaded after import = 10
========================================================================
Received Import Request.
  Time since last request: 0.000019 seconds.
  path: Assets/RH_Asset/landscape_asset_v2a/river-corner-low.obj
  artifactKey: Guid(305d8f83d183ba849bfaba0bb71c8489) Importer(815301076,1909f56bfc062723c751e8b465ee728b)
Start importing Assets/RH_Asset/landscape_asset_v2a/river-corner-low.obj using Guid(305d8f83d183ba849bfaba0bb71c8489) Importer(815301076,1909f56bfc062723c751e8b465ee728b) [PhysX] Initialized MultithreadedTaskDispatcher with 12 workers.
[PhysX] Initialized MultithreadedTaskDispatcher with 12 workers.
[PhysX] Initialized MultithreadedTaskDispatcher with 12 workers.
[PhysX] Initialized MultithreadedTaskDispatcher with 12 workers.
[PhysX] Initialized MultithreadedTaskDispatcher with 12 workers.
 -> (artifact id: 'b6d919de2f4820448c9fd025b4b611cc') in 0.025165 seconds
Number of updated asset objects reloaded before import = 0
Number of asset objects unloaded after import = 10
========================================================================
Received Import Request.
  Time since last request: 0.000014 seconds.
  path: Assets/RH_Asset/landscape_asset_v2a/river-end-high.obj
  artifactKey: Guid(e27fb0ed1ea160e42a8a8f1a6155e749) Importer(815301076,1909f56bfc062723c751e8b465ee728b)
Start importing Assets/RH_Asset/landscape_asset_v2a/river-end-high.obj using Guid(e27fb0ed1ea160e42a8a8f1a6155e749) Importer(815301076,1909f56bfc062723c751e8b465ee728b) [PhysX] Initialized MultithreadedTaskDispatcher with 12 workers.
[PhysX] Initialized MultithreadedTaskDispatcher with 12 workers.
[PhysX] Initialized MultithreadedTaskDispatcher with 12 workers.
[PhysX] Initialized MultithreadedTaskDispatcher with 12 workers.
[PhysX] Initialized MultithreadedTaskDispatcher with 12 workers.
 -> (artifact id: '55d5d1d020788f1efd265fe4c321c96f') in 0.028312 seconds
Number of updated asset objects reloaded before import = 0
Number of asset objects unloaded after import = 10
========================================================================
Received Import Request.
  Time since last request: 0.000017 seconds.
  path: Assets/RH_Asset/landscape_asset_v2a/water-beach-concave.obj
  artifactKey: Guid(bce9ffe42df2eb649a05ca4e52442db6) Importer(815301076,1909f56bfc062723c751e8b465ee728b)
Start importing Assets/RH_Asset/landscape_asset_v2a/water-beach-concave.obj using Guid(bce9ffe42df2eb649a05ca4e52442db6) Importer(815301076,1909f56bfc062723c751e8b465ee728b) [PhysX] Initialized MultithreadedTaskDispatcher with 12 workers.
[PhysX] Initialized MultithreadedTaskDispatcher with 12 workers.
[PhysX] Initialized MultithreadedTaskDispatcher with 12 workers.
[PhysX] Initialized MultithreadedTaskDispatcher with 12 workers.
[PhysX] Initialized MultithreadedTaskDispatcher with 12 workers.
 -> (artifact id: '518154d0878feb4ac7d8450b44a05704') in 0.026514 seconds
Number of updated asset objects reloaded before import = 0
Number of asset objects unloaded after import = 10
========================================================================
Received Import Request.
  Time since last request: 0.000018 seconds.
  path: Assets/RH_Asset/landscape_asset_v2a/sand.obj
  artifactKey: Guid(cdc846933cec0cf42bd8719c398a268f) Importer(815301076,1909f56bfc062723c751e8b465ee728b)
Start importing Assets/RH_Asset/landscape_asset_v2a/sand.obj using Guid(cdc846933cec0cf42bd8719c398a268f) Importer(815301076,1909f56bfc062723c751e8b465ee728b) [PhysX] Initialized MultithreadedTaskDispatcher with 12 workers.
[PhysX] Initialized MultithreadedTaskDispatcher with 12 workers.
[PhysX] Initialized MultithreadedTaskDispatcher with 12 workers.
[PhysX] Initialized MultithreadedTaskDispatcher with 12 workers.
[PhysX] Initialized MultithreadedTaskDispatcher with 12 workers.
 -> (artifact id: 'ce5e4680d5b5680d87c250e20de8cd98') in 0.024231 seconds
Number of updated asset objects reloaded before import = 0
Number of asset objects unloaded after import = 10
========================================================================
Received Import Request.
  Time since last request: 0.000027 seconds.
  path: Assets/RH_Asset/landscape_asset_v2a/water-beddng-concave.obj
  artifactKey: Guid(57f2463b225d5194ebeaf9bad2349dc8) Importer(815301076,1909f56bfc062723c751e8b465ee728b)
Start importing Assets/RH_Asset/landscape_asset_v2a/water-beddng-concave.obj using Guid(57f2463b225d5194ebeaf9bad2349dc8) Importer(815301076,1909f56bfc062723c751e8b465ee728b) [PhysX] Initialized MultithreadedTaskDispatcher with 12 workers.
[PhysX] Initialized MultithreadedTaskDispatcher with 12 workers.
[PhysX] Initialized MultithreadedTaskDispatcher with 12 workers.
[PhysX] Initialized MultithreadedTaskDispatcher with 12 workers.
[PhysX] Initialized MultithreadedTaskDispatcher with 12 workers.
 -> (artifact id: '053dc48fb83bbdcd546a893a69444d29') in 0.024508 seconds
Number of updated asset objects reloaded before import = 0
Number of asset objects unloaded after import = 10
========================================================================
Received Import Request.
  Time since last request: 0.000022 seconds.
  path: Assets/RH_Asset/landscape_asset_v2a/road-tunnel-entry.obj
  artifactKey: Guid(be32de3e330b60149a3c02226f88140e) Importer(815301076,1909f56bfc062723c751e8b465ee728b)
Start importing Assets/RH_Asset/landscape_asset_v2a/road-tunnel-entry.obj using Guid(be32de3e330b60149a3c02226f88140e) Importer(815301076,1909f56bfc062723c751e8b465ee728b) [PhysX] Initialized MultithreadedTaskDispatcher with 12 workers.
[PhysX] Initialized MultithreadedTaskDispatcher with 12 workers.
[PhysX] Initialized MultithreadedTaskDispatcher with 12 workers.
[PhysX] Initialized MultithreadedTaskDispatcher with 12 workers.
[PhysX] Initialized MultithreadedTaskDispatcher with 12 workers.
 -> (artifact id: '7d84f9b3e2f35c3d5ccf63eb91a757d9') in 0.029110 seconds
Number of updated asset objects reloaded before import = 0
Number of asset objects unloaded after import = 10
========================================================================
Received Import Request.
  Time since last request: 0.000026 seconds.
  path: Assets/RH_Asset/landscape_asset_v2a/road-corner-high.obj
  artifactKey: Guid(15467a0ec56ac83448da31c89cca9ae4) Importer(815301076,1909f56bfc062723c751e8b465ee728b)
Start importing Assets/RH_Asset/landscape_asset_v2a/road-corner-high.obj using Guid(15467a0ec56ac83448da31c89cca9ae4) Importer(815301076,1909f56bfc062723c751e8b465ee728b) [PhysX] Initialized MultithreadedTaskDispatcher with 12 workers.
[PhysX] Initialized MultithreadedTaskDispatcher with 12 workers.
[PhysX] Initialized MultithreadedTaskDispatcher with 12 workers.
[PhysX] Initialized MultithreadedTaskDispatcher with 12 workers.
[PhysX] Initialized MultithreadedTaskDispatcher with 12 workers.
 -> (artifact id: '14c0b24bd8b4e3627ef2846d164281c7') in 0.025059 seconds
Number of updated asset objects reloaded before import = 0
Number of asset objects unloaded after import = 10
========================================================================
Received Import Request.
  Time since last request: 0.000033 seconds.
  path: Assets/RH_Asset/landscape_asset_v2a/road-crossing-high.obj
  artifactKey: Guid(c42785f34c147344ea19b3962414f711) Importer(815301076,1909f56bfc062723c751e8b465ee728b)
Start importing Assets/RH_Asset/landscape_asset_v2a/road-crossing-high.obj using Guid(c42785f34c147344ea19b3962414f711) Importer(815301076,1909f56bfc062723c751e8b465ee728b) [PhysX] Initialized MultithreadedTaskDispatcher with 12 workers.
[PhysX] Initialized MultithreadedTaskDispatcher with 12 workers.
[PhysX] Initialized MultithreadedTaskDispatcher with 12 workers.
[PhysX] Initialized MultithreadedTaskDispatcher with 12 workers.
[PhysX] Initialized MultithreadedTaskDispatcher with 12 workers.
 -> (artifact id: '051cbbd89b0b9b84719fa184ab5c6a8f') in 0.026454 seconds
Number of updated asset objects reloaded before import = 0
Number of asset objects unloaded after import = 10
========================================================================
Received Import Request.
  Time since last request: 0.000018 seconds.
  path: Assets/RH_Asset/landscape_asset_v2a/road-crossing-low.obj
  artifactKey: Guid(8b8d38be58af5464087fde54be1506d8) Importer(815301076,1909f56bfc062723c751e8b465ee728b)
Start importing Assets/RH_Asset/landscape_asset_v2a/road-crossing-low.obj using Guid(8b8d38be58af5464087fde54be1506d8) Importer(815301076,1909f56bfc062723c751e8b465ee728b) [PhysX] Initialized MultithreadedTaskDispatcher with 12 workers.
[PhysX] Initialized MultithreadedTaskDispatcher with 12 workers.
[PhysX] Initialized MultithreadedTaskDispatcher with 12 workers.
[PhysX] Initialized MultithreadedTaskDispatcher with 12 workers.
[PhysX] Initialized MultithreadedTaskDispatcher with 12 workers.
 -> (artifact id: '202b2011888e67bc8381712857386bc9') in 0.026076 seconds
Number of updated asset objects reloaded before import = 0
Number of asset objects unloaded after import = 10
========================================================================
Received Import Request.
  Time since last request: 0.000023 seconds.
  path: Assets/RH_Asset/landscape_asset_v2a/road-bridge-road.obj
  artifactKey: Guid(d6413ff1298b54640ac404a7604b7fef) Importer(815301076,1909f56bfc062723c751e8b465ee728b)
Start importing Assets/RH_Asset/landscape_asset_v2a/road-bridge-road.obj using Guid(d6413ff1298b54640ac404a7604b7fef) Importer(815301076,1909f56bfc062723c751e8b465ee728b) [PhysX] Initialized MultithreadedTaskDispatcher with 12 workers.
[PhysX] Initialized MultithreadedTaskDispatcher with 12 workers.
[PhysX] Initialized MultithreadedTaskDispatcher with 12 workers.
[PhysX] Initialized MultithreadedTaskDispatcher with 12 workers.
[PhysX] Initialized MultithreadedTaskDispatcher with 12 workers.
 -> (artifact id: '9f6b780826a1b62990bb66f1adb5ecad') in 0.033628 seconds
Number of updated asset objects reloaded before import = 0
Number of asset objects unloaded after import = 10
========================================================================
Received Import Request.
  Time since last request: 0.000015 seconds.
  path: Assets/RH_Asset/landscape_asset_v2a/road-bridge-hill.obj
  artifactKey: Guid(1c9af022a2e3ee14992e15fd1007e30f) Importer(815301076,1909f56bfc062723c751e8b465ee728b)
Start importing Assets/RH_Asset/landscape_asset_v2a/road-bridge-hill.obj using Guid(1c9af022a2e3ee14992e15fd1007e30f) Importer(815301076,1909f56bfc062723c751e8b465ee728b) [PhysX] Initialized MultithreadedTaskDispatcher with 12 workers.
[PhysX] Initialized MultithreadedTaskDispatcher with 12 workers.
[PhysX] Initialized MultithreadedTaskDispatcher with 12 workers.
[PhysX] Initialized MultithreadedTaskDispatcher with 12 workers.
[PhysX] Initialized MultithreadedTaskDispatcher with 12 workers.
 -> (artifact id: 'a3b322e2e778da3deced3da0626dd4fb') in 0.025947 seconds
Number of updated asset objects reloaded before import = 0
Number of asset objects unloaded after import = 10
========================================================================
Received Import Request.
  Time since last request: 0.000034 seconds.
  path: Assets/RH_Asset/landscape_asset_v2a/road-tjunction-low.obj
  artifactKey: Guid(534ffa58f72476647b30488c26fd6e3c) Importer(815301076,1909f56bfc062723c751e8b465ee728b)
Start importing Assets/RH_Asset/landscape_asset_v2a/road-tjunction-low.obj using Guid(534ffa58f72476647b30488c26fd6e3c) Importer(815301076,1909f56bfc062723c751e8b465ee728b) [PhysX] Initialized MultithreadedTaskDispatcher with 12 workers.
[PhysX] Initialized MultithreadedTaskDispatcher with 12 workers.
[PhysX] Initialized MultithreadedTaskDispatcher with 12 workers.
[PhysX] Initialized MultithreadedTaskDispatcher with 12 workers.
[PhysX] Initialized MultithreadedTaskDispatcher with 12 workers.
 -> (artifact id: 'e1a6a298bd9ffb014cb91101f4f7bae5') in 0.025414 seconds
Number of updated asset objects reloaded before import = 0
Number of asset objects unloaded after import = 10
========================================================================
Received Import Request.
  Time since last request: 0.000023 seconds.
  path: Assets/RH_Asset/landscape_asset_v2a/lot-parking.obj
  artifactKey: Guid(0161fce07b6829842a107d60a881c418) Importer(815301076,1909f56bfc062723c751e8b465ee728b)
Start importing Assets/RH_Asset/landscape_asset_v2a/lot-parking.obj using Guid(0161fce07b6829842a107d60a881c418) Importer(815301076,1909f56bfc062723c751e8b465ee728b) [PhysX] Initialized MultithreadedTaskDispatcher with 12 workers.
[PhysX] Initialized MultithreadedTaskDispatcher with 12 workers.
[PhysX] Initialized MultithreadedTaskDispatcher with 12 workers.
[PhysX] Initialized MultithreadedTaskDispatcher with 12 workers.
[PhysX] Initialized MultithreadedTaskDispatcher with 12 workers.
 -> (artifact id: '999a86bbcd26af173f8aa5529c7577fc') in 0.025881 seconds
Number of updated asset objects reloaded before import = 0
Number of asset objects unloaded after import = 10
========================================================================
Received Import Request.
  Time since last request: 0.000025 seconds.
  path: Assets/RH_Asset/landscape_asset_v2a/water-bedding-convex.obj
  artifactKey: Guid(00f28c9bc3ca6954c92f0309a4062a5d) Importer(815301076,1909f56bfc062723c751e8b465ee728b)
Start importing Assets/RH_Asset/landscape_asset_v2a/water-bedding-convex.obj using Guid(00f28c9bc3ca6954c92f0309a4062a5d) Importer(815301076,1909f56bfc062723c751e8b465ee728b) [PhysX] Initialized MultithreadedTaskDispatcher with 12 workers.
[PhysX] Initialized MultithreadedTaskDispatcher with 12 workers.
[PhysX] Initialized MultithreadedTaskDispatcher with 12 workers.
[PhysX] Initialized MultithreadedTaskDispatcher with 12 workers.
[PhysX] Initialized MultithreadedTaskDispatcher with 12 workers.
 -> (artifact id: 'bf1017b9f23a8fd1048ac65f3fcce3b3') in 0.025534 seconds
Number of updated asset objects reloaded before import = 0
Number of asset objects unloaded after import = 10
========================================================================
Received Import Request.
  Time since last request: 0.000022 seconds.
  path: Assets/RH_Asset/landscape_asset_v2a/road-bridge-coast.obj
  artifactKey: Guid(16716ad3156b6574a8cfb0ec11d32f77) Importer(815301076,1909f56bfc062723c751e8b465ee728b)
Start importing Assets/RH_Asset/landscape_asset_v2a/road-bridge-coast.obj using Guid(16716ad3156b6574a8cfb0ec11d32f77) Importer(815301076,1909f56bfc062723c751e8b465ee728b) [PhysX] Initialized MultithreadedTaskDispatcher with 12 workers.
[PhysX] Initialized MultithreadedTaskDispatcher with 12 workers.
[PhysX] Initialized MultithreadedTaskDispatcher with 12 workers.
[PhysX] Initialized MultithreadedTaskDispatcher with 12 workers.
[PhysX] Initialized MultithreadedTaskDispatcher with 12 workers.
 -> (artifact id: 'd75a8d3fa56feb1fe8095fb2e8aca236') in 0.026015 seconds
Number of updated asset objects reloaded before import = 0
Number of asset objects unloaded after import = 10
========================================================================
Received Import Request.
  Time since last request: 0.000021 seconds.
  path: Assets/RH_Asset/landscape_asset_v2a/road-bridge-grass.obj
  artifactKey: Guid(c23803b96e36e3a43bd1667c7b612010) Importer(815301076,1909f56bfc062723c751e8b465ee728b)
Start importing Assets/RH_Asset/landscape_asset_v2a/road-bridge-grass.obj using Guid(c23803b96e36e3a43bd1667c7b612010) Importer(815301076,1909f56bfc062723c751e8b465ee728b) [PhysX] Initialized MultithreadedTaskDispatcher with 12 workers.
[PhysX] Initialized MultithreadedTaskDispatcher with 12 workers.
[PhysX] Initialized MultithreadedTaskDispatcher with 12 workers.
[PhysX] Initialized MultithreadedTaskDispatcher with 12 workers.
[PhysX] Initialized MultithreadedTaskDispatcher with 12 workers.
 -> (artifact id: '4449183319ea8f02357fdbcef4a43d84') in 0.023481 seconds
Number of updated asset objects reloaded before import = 0
Number of asset objects unloaded after import = 10
========================================================================
Received Import Request.
  Time since last request: 0.680739 seconds.
  path: Assets/RH_Asset/landscape_asset_v2a/canal-corner-high.obj
  artifactKey: Guid(f19d2f2e03c2a0a4cb010bc8d4d1f3f8) Importer(815301076,1909f56bfc062723c751e8b465ee728b)
Start importing Assets/RH_Asset/landscape_asset_v2a/canal-corner-high.obj using Guid(f19d2f2e03c2a0a4cb010bc8d4d1f3f8) Importer(815301076,1909f56bfc062723c751e8b465ee728b) [PhysX] Initialized MultithreadedTaskDispatcher with 12 workers.
[PhysX] Initialized MultithreadedTaskDispatcher with 12 workers.
[PhysX] Initialized MultithreadedTaskDispatcher with 12 workers.
[PhysX] Initialized MultithreadedTaskDispatcher with 12 workers.
[PhysX] Initialized MultithreadedTaskDispatcher with 12 workers.
 -> (artifact id: '5198b9e16d59849176070bb1cc0755fa') in 0.027100 seconds
Number of updated asset objects reloaded before import = 0
Number of asset objects unloaded after import = 10
========================================================================
Received Import Request.
  Time since last request: 0.000024 seconds.
  path: Assets/RH_Asset/landscape_asset_v2a/canal-straight-high.obj
  artifactKey: Guid(1a385ef1cfdc4424990d6ea0b6a9bc85) Importer(815301076,1909f56bfc062723c751e8b465ee728b)
Start importing Assets/RH_Asset/landscape_asset_v2a/canal-straight-high.obj using Guid(1a385ef1cfdc4424990d6ea0b6a9bc85) Importer(815301076,1909f56bfc062723c751e8b465ee728b) [PhysX] Initialized MultithreadedTaskDispatcher with 12 workers.
[PhysX] Initialized MultithreadedTaskDispatcher with 12 workers.
[PhysX] Initialized MultithreadedTaskDispatcher with 12 workers.
[PhysX] Initialized MultithreadedTaskDispatcher with 12 workers.
[PhysX] Initialized MultithreadedTaskDispatcher with 12 workers.
 -> (artifact id: 'b493a426eff3784995098f8f95b9c725') in 0.027991 seconds
Number of updated asset objects reloaded before import = 0
Number of asset objects unloaded after import = 10
========================================================================
Received Import Request.
  Time since last request: 0.000027 seconds.
  path: Assets/RH_Asset/landscape_asset_v2a/canal-hill.obj
  artifactKey: Guid(f5a6830d2e021364d8a947a10638f151) Importer(815301076,1909f56bfc062723c751e8b465ee728b)
Start importing Assets/RH_Asset/landscape_asset_v2a/canal-hill.obj using Guid(f5a6830d2e021364d8a947a10638f151) Importer(815301076,1909f56bfc062723c751e8b465ee728b) [PhysX] Initialized MultithreadedTaskDispatcher with 12 workers.
[PhysX] Initialized MultithreadedTaskDispatcher with 12 workers.
[PhysX] Initialized MultithreadedTaskDispatcher with 12 workers.
[PhysX] Initialized MultithreadedTaskDispatcher with 12 workers.
[PhysX] Initialized MultithreadedTaskDispatcher with 12 workers.
 -> (artifact id: '0157aaefb3a53a272fe584265887fcf5') in 0.029743 seconds
Number of updated asset objects reloaded before import = 0
Number of asset objects unloaded after import = 10
========================================================================
Received Import Request.
  Time since last request: 0.000022 seconds.
  path: Assets/RH_Asset/landscape_asset_v2a/hill-corner-low.obj
  artifactKey: Guid(41a881c32f01a6d45a37f0622c5f05f6) Importer(815301076,1909f56bfc062723c751e8b465ee728b)
Start importing Assets/RH_Asset/landscape_asset_v2a/hill-corner-low.obj using Guid(41a881c32f01a6d45a37f0622c5f05f6) Importer(815301076,1909f56bfc062723c751e8b465ee728b) [PhysX] Initialized MultithreadedTaskDispatcher with 12 workers.
[PhysX] Initialized MultithreadedTaskDispatcher with 12 workers.
[PhysX] Initialized MultithreadedTaskDispatcher with 12 workers.
[PhysX] Initialized MultithreadedTaskDispatcher with 12 workers.
[PhysX] Initialized MultithreadedTaskDispatcher with 12 workers.
 -> (artifact id: '0ecc75778c0a01ccb24bded101d17992') in 0.029216 seconds
Number of updated asset objects reloaded before import = 0
Number of asset objects unloaded after import = 10
========================================================================
Received Import Request.
  Time since last request: 0.000050 seconds.
  path: Assets/RH_Asset/landscape_asset_v2a/canal-straight-low.obj
  artifactKey: Guid(f7e658542e1a7d84fa82c316deb07b86) Importer(815301076,1909f56bfc062723c751e8b465ee728b)
Start importing Assets/RH_Asset/landscape_asset_v2a/canal-straight-low.obj using Guid(f7e658542e1a7d84fa82c316deb07b86) Importer(815301076,1909f56bfc062723c751e8b465ee728b) [PhysX] Initialized MultithreadedTaskDispatcher with 12 workers.
[PhysX] Initialized MultithreadedTaskDispatcher with 12 workers.
[PhysX] Initialized MultithreadedTaskDispatcher with 12 workers.
[PhysX] Initialized MultithreadedTaskDispatcher with 12 workers.
[PhysX] Initialized MultithreadedTaskDispatcher with 12 workers.
 -> (artifact id: 'fc5fbe9e453f10adfad856f478429c02') in 0.028697 seconds
Number of updated asset objects reloaded before import = 0
Number of asset objects unloaded after import = 10
========================================================================
Received Import Request.
  Time since last request: 0.000026 seconds.
  path: Assets/RH_Asset/landscape_asset_v2a/grass.obj
  artifactKey: Guid(a523507b2d8b81a4dbd7aa2e33b7d3a0) Importer(815301076,1909f56bfc062723c751e8b465ee728b)
Start importing Assets/RH_Asset/landscape_asset_v2a/grass.obj using Guid(a523507b2d8b81a4dbd7aa2e33b7d3a0) Importer(815301076,1909f56bfc062723c751e8b465ee728b) [PhysX] Initialized MultithreadedTaskDispatcher with 12 workers.
[PhysX] Initialized MultithreadedTaskDispatcher with 12 workers.
[PhysX] Initialized MultithreadedTaskDispatcher with 12 workers.
[PhysX] Initialized MultithreadedTaskDispatcher with 12 workers.
[PhysX] Initialized MultithreadedTaskDispatcher with 12 workers.
 -> (artifact id: '4e1c6e8d274826bac314525102ac872e') in 0.026920 seconds
Number of updated asset objects reloaded before import = 0
Number of asset objects unloaded after import = 10
========================================================================
Received Import Request.
  Time since last request: 0.000030 seconds.
  path: Assets/RH_Asset/landscape_asset_v2a/canal-corner-low.obj
  artifactKey: Guid(13f741aae97a3154a88316be40d2f0c9) Importer(815301076,1909f56bfc062723c751e8b465ee728b)
Start importing Assets/RH_Asset/landscape_asset_v2a/canal-corner-low.obj using Guid(13f741aae97a3154a88316be40d2f0c9) Importer(815301076,1909f56bfc062723c751e8b465ee728b) [PhysX] Initialized MultithreadedTaskDispatcher with 12 workers.
[PhysX] Initialized MultithreadedTaskDispatcher with 12 workers.
[PhysX] Initialized MultithreadedTaskDispatcher with 12 workers.
[PhysX] Initialized MultithreadedTaskDispatcher with 12 workers.
[PhysX] Initialized MultithreadedTaskDispatcher with 12 workers.
 -> (artifact id: '489aa150e17ccf181f415e3389905266') in 0.031137 seconds
Number of updated asset objects reloaded before import = 0
Number of asset objects unloaded after import = 10
========================================================================
Received Import Request.
  Time since last request: 0.000030 seconds.
  path: Assets/RH_Asset/landscape_asset_v2a/hill-corner-high.obj
  artifactKey: Guid(3b8ad25e8eb5ac54d9ea3d0b89765007) Importer(815301076,1909f56bfc062723c751e8b465ee728b)
Start importing Assets/RH_Asset/landscape_asset_v2a/hill-corner-high.obj using Guid(3b8ad25e8eb5ac54d9ea3d0b89765007) Importer(815301076,1909f56bfc062723c751e8b465ee728b) [PhysX] Initialized MultithreadedTaskDispatcher with 12 workers.
[PhysX] Initialized MultithreadedTaskDispatcher with 12 workers.
[PhysX] Initialized MultithreadedTaskDispatcher with 12 workers.
[PhysX] Initialized MultithreadedTaskDispatcher with 12 workers.
[PhysX] Initialized MultithreadedTaskDispatcher with 12 workers.
 -> (artifact id: 'd05a75d234348ff6a5b7fd8f298e2478') in 0.027367 seconds
Number of updated asset objects reloaded before import = 0
Number of asset objects unloaded after import = 10
Editor requested this worker to shutdown with reason: Scaling down because of idle timeout
TcpMessagingSession - receive error: operation aborted. errorcode: 995, details:        I/O  .
AssetImportWorker is now disconnected from the server
Process exiting
Exiting without the bug reporter. Application will terminate with return code 0